Using pre-set license
Built from '2021.1/staging' branch; Version is '2021.1.26f1 (6f076387c01d) revision 7276387'; Using compiler version '192528614'; Build Type 'Release'
OS: 'Windows 10 Home; OS build 19044.1645; Version 2009; 64bit' Language: 'en' Physical Memory: 16244 MB
BatchMode: 1, IsHumanControllingUs: 0, StartBugReporterOnCrash: 0, Is64bit: 1, IsPro: 0

COMMAND LINE ARGUMENTS:
C:\Program Files\Unity\Hub\Editor\2021.1.26f1\Editor\Unity.exe
-adb2
-batchMode
-noUpm
-name
AssetImportWorker0
-projectPath
C:/Users/helev/OneDrive/Documents/GitHub/Cli-/Climate Jam
-logFile
Logs/AssetImportWorker0.log
-srvPort
63432
Successfully changed project path to: C:/Users/helev/OneDrive/Documents/GitHub/Cli-/Climate Jam
C:/Users/helev/OneDrive/Documents/GitHub/Cli-/Climate Jam
Using Asset Import Pipeline V2.
Refreshing native plugins compatible for Editor in 128.41 ms, found 4 plugins.
Preloading 0 native plugins for Editor in 0.00 ms.
Initialize engine version: 2021.1.26f1 (6f076387c01d)
[Subsystems] Discovering subsystems at path C:/Program Files/Unity/Hub/Editor/2021.1.26f1/Editor/Data/Resources/UnitySubsystems
[Subsystems] Discovering subsystems at path C:/Users/helev/OneDrive/Documents/GitHub/Cli-/Climate Jam/Assets
GfxDevice: creating device client; threaded=0; jobified=0
Direct3D:
    Version:  Direct3D 11.0 [level 11.1]
    Renderer: NVIDIA GeForce RTX 2080 Super with Max-Q Design (ID=0x1e93)
    Vendor:   NVIDIA
    VRAM:     8010 MB
    Driver:   27.21.14.6089
Initialize mono
Mono path[0] = 'C:/Program Files/Unity/Hub/Editor/2021.1.26f1/Editor/Data/Managed'
Mono path[1] = 'C:/Program Files/Unity/Hub/Editor/2021.1.26f1/Editor/Data/MonoBleedingEdge/lib/mono/unityjit'
Mono config path = 'C:/Program Files/Unity/Hub/Editor/2021.1.26f1/Editor/Data/MonoBleedingEdge/etc'
Using monoOptions --debugger-agent=transport=dt_socket,embedding=1,server=y,suspend=n,address=127.0.0.1:56464
Begin MonoManager ReloadAssembly
Registering precompiled unity dll's ...
Register platform support module: C:/Program Files/Unity/Hub/Editor/2021.1.26f1/Editor/Data/PlaybackEngines/WebGLSupport/UnityEditor.WebGL.Extensions.dll
Register platform support module: C:/Program Files/Unity/Hub/Editor/2021.1.26f1/Editor/Data/PlaybackEngines/WindowsStandaloneSupport/UnityEditor.WindowsStandalone.Extensions.dll
Registered in 0.002429 seconds.
Native extension for WindowsStandalone target not found
Native extension for WebGL target not found
Refreshing native plugins compatible for Editor in 125.44 ms, found 4 plugins.
Preloading 0 native plugins for Editor in 0.00 ms.
Mono: successfully reloaded assembly
- Completed reload, in  1.479 seconds
Domain Reload Profiling:
	ReloadAssembly (1479ms)
		BeginReloadAssembly (72ms)
			ExecutionOrderSort (0ms)
			DisableScriptedObjects (0ms)
			BackupInstance (0ms)
			ReleaseScriptingObjects (0ms)
			CreateAndSetChildDomain (1ms)
		EndReloadAssembly (563ms)
			LoadAssemblies (70ms)
			RebuildTransferFunctionScriptingTraits (0ms)
			SetupTypeCache (185ms)
			ReleaseScriptCaches (0ms)
			RebuildScriptCaches (30ms)
			SetupLoadedEditorAssemblies (296ms)
				LogAssemblyErrors (0ms)
				InitializePlatformSupportModulesInManaged (7ms)
				SetLoadedEditorAssemblies (0ms)
				RefreshPlugins (126ms)
				BeforeProcessingInitializeOnLoad (1ms)
				ProcessInitializeOnLoadAttributes (130ms)
				ProcessInitializeOnLoadMethodAttributes (32ms)
				AfterProcessingInitializeOnLoad (0ms)
				EditorAssembliesLoaded (0ms)
			ExecutionOrderSort2 (0ms)
			AwakeInstancesAfterBackupRestoration (0ms)
Platform modules already initialized, skipping
Registering precompiled user dll's ...
Registered in 0.008493 seconds.
Begin MonoManager ReloadAssembly
Symbol file LoadedFromMemory doesn't match image C:\Users\helev\OneDrive\Documents\GitHub\Cli-\Climate Jam\Library\PackageCache\com.unity.visualscripting@1.6.1\Editor\VisualScripting.Core\Dependencies\YamlDotNet\Unity.VisualScripting.YamlDotNet.dll
Symbol file LoadedFromMemory doesn't match image C:\Users\helev\OneDrive\Documents\GitHub\Cli-\Climate Jam\Library\PackageCache\com.unity.visualscripting@1.6.1\Editor\VisualScripting.Core\Dependencies\DotNetZip\Unity.VisualScripting.IonicZip.dll
Native extension for WindowsStandalone target not found
Native extension for WebGL target not found
Refreshing native plugins compatible for Editor in 130.09 ms, found 4 plugins.
Preloading 0 native plugins for Editor in 0.00 ms.
Mono: successfully reloaded assembly
- Completed reload, in  1.462 seconds
Domain Reload Profiling:
	ReloadAssembly (1463ms)
		BeginReloadAssembly (162ms)
			ExecutionOrderSort (0ms)
			DisableScriptedObjects (5ms)
			BackupInstance (0ms)
			ReleaseScriptingObjects (0ms)
			CreateAndSetChildDomain (20ms)
		EndReloadAssembly (1236ms)
			LoadAssemblies (113ms)
			RebuildTransferFunctionScriptingTraits (0ms)
			SetupTypeCache (424ms)
			ReleaseScriptCaches (1ms)
			RebuildScriptCaches (74ms)
			SetupLoadedEditorAssemblies (525ms)
				LogAssemblyErrors (0ms)
				InitializePlatformSupportModulesInManaged (5ms)
				SetLoadedEditorAssemblies (0ms)
				RefreshPlugins (130ms)
				BeforeProcessingInitializeOnLoad (104ms)
				ProcessInitializeOnLoadAttributes (255ms)
				ProcessInitializeOnLoadMethodAttributes (23ms)
				AfterProcessingInitializeOnLoad (7ms)
				EditorAssembliesLoaded (0ms)
			ExecutionOrderSort2 (0ms)
			AwakeInstancesAfterBackupRestoration (7ms)
Platform modules already initialized, skipping
========================================================================
Worker process is ready to serve import requests
Launched and connected shader compiler UnityShaderCompiler.exe after 0.08 seconds
Refreshing native plugins compatible for Editor in 1.02 ms, found 4 plugins.
Preloading 0 native plugins for Editor in 0.00 ms.
Unloading 4608 Unused Serialized files (Serialized files now loaded: 0)
System memory in use before: 163.6 MB.
System memory in use after: 163.9 MB.

Unloading 32 unused Assets to reduce memory usage. Loaded Objects now: 5059.
Total: 3.902600 ms (FindLiveObjects: 0.356800 ms CreateObjectMapping: 0.316500 ms MarkObjects: 3.199900 ms  DeleteObjects: 0.028400 ms)

AssetImportParameters requested are different than current active one (requested -> active):
  custom:framework-win-MediaFoundation: 216162199b28c13a410421893ffa2e32 -> 
  custom:video-decoder-ogg-theora: a1e56fd34408186e4bbccfd4996cb3dc -> 
  custom:container-muxer-webm: aa71ff27fc2769a1b78a27578f13a17b -> 
  custom:container-demuxer-webm: 4f35f7cbe854078d1ac9338744f61a02 -> 
  custom:container-demuxer-ogg: 62fdf1f143b41e24485cea50d1cbac27 -> 
  custom:video-encoder-webm-vp8: eb34c28f22e8b96e1ab97ce403110664 -> 
  custom:video-decoder-webm-vp8: 9c59270c3fd7afecdb556c50c9e8de78 -> 
  custom:audio-decoder-ogg-vorbis: bf7c407c2cedff20999df2af8eb42d56 -> 
  custom:audio-encoder-webm-vorbis: bf7c407c2cedff20999df2af8eb42d56 -> 
========================================================================
Received Import Request.
  path: Assets/Art/Items/seed_no_outline.png
  artifactKey: Guid(138e493a57cdd86499a5aa8c26fc99cf) Importer(815301076,1909f56bfc062723c751e8b465ee728b)
Start importing Assets/Art/Items/seed_no_outline.png using Guid(138e493a57cdd86499a5aa8c26fc99cf) Importer(815301076,1909f56bfc062723c751e8b465ee728b)  -> (artifact id: '7cb33951f5bbc4c4b1807a4d8ad3691e') in 0.162713 seconds 
========================================================================
Received Import Request.
  Time since last request: 0.000450 seconds.
  path: Assets/Art/journal/UI_house_icon.png
  artifactKey: Guid(c628ba1a5b6ba704f991ad7594ea627b) Importer(815301076,1909f56bfc062723c751e8b465ee728b)
Start importing Assets/Art/journal/UI_house_icon.png using Guid(c628ba1a5b6ba704f991ad7594ea627b) Importer(815301076,1909f56bfc062723c751e8b465ee728b)  -> (artifact id: 'f9209e7020954d7871aa04430c5a5d5e') in 0.024730 seconds 
========================================================================
Received Import Request.
  Time since last request: 0.000214 seconds.
  path: Assets/Art/journal/UI_journal_icon.png
  artifactKey: Guid(480ffbc2c3301f848b447f2529083244) Importer(815301076,1909f56bfc062723c751e8b465ee728b)
Start importing Assets/Art/journal/UI_journal_icon.png using Guid(480ffbc2c3301f848b447f2529083244) Importer(815301076,1909f56bfc062723c751e8b465ee728b)  -> (artifact id: 'f77a08ccaa7c0eb5b72c23578dae9e51') in 0.033335 seconds 
========================================================================
Received Import Request.
  Time since last request: 0.000191 seconds.
  path: Assets/Art/Items/seed_normal_outline.png
  artifactKey: Guid(05f45f3f0a4023c469b84bbd11a6db25) Importer(815301076,1909f56bfc062723c751e8b465ee728b)
Start importing Assets/Art/Items/seed_normal_outline.png using Guid(05f45f3f0a4023c469b84bbd11a6db25) Importer(815301076,1909f56bfc062723c751e8b465ee728b)  -> (artifact id: 'f048726eb17209b8bb783e277b8a9fcb') in 0.028952 seconds 
========================================================================
Received Import Request.
  Time since last request: 5.717349 seconds.
  path: Assets/Art/UI
  artifactKey: Guid(bd2daabc31a4347489003c1ebcebb8e5) Importer(815301076,1909f56bfc062723c751e8b465ee728b)
Start importing Assets/Art/UI using Guid(bd2daabc31a4347489003c1ebcebb8e5) Importer(815301076,1909f56bfc062723c751e8b465ee728b)  -> (artifact id: '464fd531ddea1b2e124b94a2695d8070') in 0.006375 seconds 
========================================================================
Received Import Request.
  Time since last request: 0.916031 seconds.
  path: Assets/Art/UI/Font
  artifactKey: Guid(93efead5c3a6754418071bfa2ac76530) Importer(815301076,1909f56bfc062723c751e8b465ee728b)
Start importing Assets/Art/UI/Font using Guid(93efead5c3a6754418071bfa2ac76530) Importer(815301076,1909f56bfc062723c751e8b465ee728b)  -> (artifact id: '0ee6c87fb982eb999a536f96b490d15d') in 0.008113 seconds 
========================================================================
Received Import Request.
  Time since last request: 0.082465 seconds.
  path: Assets/Art/UI/Font/Binbinfont-Regular (1) SDF.asset
  artifactKey: Guid(1d2b3c930bb38bd4a9204b9f1b5a0f1b) Importer(815301076,1909f56bfc062723c751e8b465ee728b)
Start importing Assets/Art/UI/Font/Binbinfont-Regular (1) SDF.asset using Guid(1d2b3c930bb38bd4a9204b9f1b5a0f1b) Importer(815301076,1909f56bfc062723c751e8b465ee728b)  -> (artifact id: 'e5e8fffb36d808b07402cb4aa1a8dadd') in 0.074525 seconds 
========================================================================
Received Import Request.
  Time since last request: 0.000275 seconds.
  path: Assets/Art/UI/Font/Pangolin-Regular SDF.asset
  artifactKey: Guid(7c01a46f61d6fd14783bf2e4390de39f) Importer(815301076,1909f56bfc062723c751e8b465ee728b)
Start importing Assets/Art/UI/Font/Pangolin-Regular SDF.asset using Guid(7c01a46f61d6fd14783bf2e4390de39f) Importer(815301076,1909f56bfc062723c751e8b465ee728b)  -> (artifact id: 'f4539a56006a50748eae47d50f997fce') in 0.033393 seconds 
========================================================================
Received Import Request.
  Time since last request: 11.875714 seconds.
  path: Assets/Art/journal
  artifactKey: Guid(b5cd38c99785680468edcb4419697aa6) Importer(815301076,1909f56bfc062723c751e8b465ee728b)
Start importing Assets/Art/journal using Guid(b5cd38c99785680468edcb4419697aa6) Importer(815301076,1909f56bfc062723c751e8b465ee728b)  -> (artifact id: 'de05b5d6a9fd7167ec64ad78d2c6d417') in 0.007273 seconds 
========================================================================
Received Import Request.
  Time since last request: 7.817917 seconds.
  path: Assets/Art/General UI/UI_mouse_1.png
  artifactKey: Guid(61badf02a3f1a7b4e94ac26d234234fb) Importer(815301076,1909f56bfc062723c751e8b465ee728b)
Start importing Assets/Art/General UI/UI_mouse_1.png using Guid(61badf02a3f1a7b4e94ac26d234234fb) Importer(815301076,1909f56bfc062723c751e8b465ee728b)  -> (artifact id: 'a3e211ea74ea50fc39339e2ad4b0f235') in 0.017262 seconds 
========================================================================
Received Import Request.
  Time since last request: 0.000197 seconds.
  path: Assets/Art/General UI/UI_turn_jounal_pages.png
  artifactKey: Guid(ad296f7c868d9cf40ba0a1687d11f455) Importer(815301076,1909f56bfc062723c751e8b465ee728b)
Start importing Assets/Art/General UI/UI_turn_jounal_pages.png using Guid(ad296f7c868d9cf40ba0a1687d11f455) Importer(815301076,1909f56bfc062723c751e8b465ee728b)  -> (artifact id: '3020b45260fd940ae64ebc2edbfeb91a') in 0.024149 seconds 
========================================================================
Received Import Request.
  Time since last request: 0.000242 seconds.
  path: Assets/Art/General UI/UI_mouse_2.png
  artifactKey: Guid(2df6b523125eaad4da539dbc9ff46fea) Importer(815301076,1909f56bfc062723c751e8b465ee728b)
Start importing Assets/Art/General UI/UI_mouse_2.png using Guid(2df6b523125eaad4da539dbc9ff46fea) Importer(815301076,1909f56bfc062723c751e8b465ee728b)  -> (artifact id: 'bd353dccdcda1595e22dbb1fac15f2d7') in 0.023162 seconds 
========================================================================
Received Import Request.
  Time since last request: 0.000229 seconds.
  path: Assets/Art/General UI/UI_volume_slider_2.png
  artifactKey: Guid(697cff7b2ad88974a8a9c841a2eeae94) Importer(815301076,1909f56bfc062723c751e8b465ee728b)
Start importing Assets/Art/General UI/UI_volume_slider_2.png using Guid(697cff7b2ad88974a8a9c841a2eeae94) Importer(815301076,1909f56bfc062723c751e8b465ee728b)  -> (artifact id: '4e3d650f691abafe6e770836bad1d858') in 0.028609 seconds 
========================================================================
Received Import Request.
  Time since last request: 0.000290 seconds.
  path: Assets/Art/General UI/UI_next_button.png
  artifactKey: Guid(48346fd95fcee974490ec745417f9ea9) Importer(815301076,1909f56bfc062723c751e8b465ee728b)
Start importing Assets/Art/General UI/UI_next_button.png using Guid(48346fd95fcee974490ec745417f9ea9) Importer(815301076,1909f56bfc062723c751e8b465ee728b)  -> (artifact id: '9b12e38683a9a0b7f5a1714fe458e5bc') in 0.040837 seconds 
========================================================================
Received Import Request.
  Time since last request: 0.000230 seconds.
  path: Assets/Art/General UI/UI_volume_slider.png
  artifactKey: Guid(27eb28bf78bf1ec4e993cc82cb4477bb) Importer(815301076,1909f56bfc062723c751e8b465ee728b)
Start importing Assets/Art/General UI/UI_volume_slider.png using Guid(27eb28bf78bf1ec4e993cc82cb4477bb) Importer(815301076,1909f56bfc062723c751e8b465ee728b)  -> (artifact id: '2f27dc0be02de0c2abf535df1b8fb8ea') in 0.040629 seconds 
========================================================================
Received Import Request.
  Time since last request: 134.490166 seconds.
  path: Assets/TextMesh Pro/Resources/Fonts & Materials/LiberationSans SDF.asset
  artifactKey: Guid(8f586378b4e144a9851e7b34d9b748ee) Importer(815301076,1909f56bfc062723c751e8b465ee728b)
Start importing Assets/TextMesh Pro/Resources/Fonts & Materials/LiberationSans SDF.asset using Guid(8f586378b4e144a9851e7b34d9b748ee) Importer(815301076,1909f56bfc062723c751e8b465ee728b)  -> (artifact id: 'f1280cc7be10b532b2897fc8654f95d3') in 0.053366 seconds 
========================================================================
Received Import Request.
  Time since last request: 0.000195 seconds.
  path: Assets/TextMesh Pro/Resources/Fonts & Materials/LiberationSans SDF - Fallback.asset
  artifactKey: Guid(2e498d1c8094910479dc3e1b768306a4) Importer(815301076,1909f56bfc062723c751e8b465ee728b)
Start importing Assets/TextMesh Pro/Resources/Fonts & Materials/LiberationSans SDF - Fallback.asset using Guid(2e498d1c8094910479dc3e1b768306a4) Importer(815301076,1909f56bfc062723c751e8b465ee728b)  -> (artifact id: '05654b3c3006c650557f5e3dd591b24f') in 0.024583 seconds 
========================================================================
Received Import Request.
  Time since last request: 115.325730 seconds.
  path: ProjectSettings/TagManager.asset
  artifactKey: Guid(00000000000000003000000000000000) Importer(815301076,1909f56bfc062723c751e8b465ee728b)
Start importing ProjectSettings/TagManager.asset using Guid(00000000000000003000000000000000) Importer(815301076,1909f56bfc062723c751e8b465ee728b)  -> (artifact id: '2fddea6c81ff1bec1e2592361e1ead30') in 0.008196 seconds 
AssetImportWorkerClient::OnTransportError - code=2 error=End of file
